C51 COMPILER V9.60.0.0   16_STEPPER_MOTOR                                                  05/03/2020 20:12:35 PAGE 1   


C51 COMPILER V9.60.0.0, COMPILATION OF MODULE 16_STEPPER_MOTOR
OBJECT MODULE PLACED IN .\Objects\16_Stepper_Motor.obj
COMPILER INVOKED BY: C:\Keil_v5\C51\BIN\C51.EXE 16_Stepper_Motor.c OPTIMIZE(8,SPEED) BROWSE DEBUG OBJECTEXTEND PRINT(.\L
                    -istings\16_Stepper_Motor.lst) TABS(2) OBJECT(.\Objects\16_Stepper_Motor.obj)

line level    source

   1          #include<reg51.h>
   2          void Dtime(unsigned int c);
   3          void main(void)
   4          {
   5   1      while(1)
   6   1      {
   7   2        // Anticlock wise module
   8   2        P1 = 0x09;     // A1 = 1, A2 = 0, B1 = 0, B2 = 1      
   9   2        Dtime(200);
  10   2        P1 = 0x05;     // A1 = 0, A2 = 1, B1 = 0, B2 = 1
  11   2        Dtime(200);
  12   2        P1 = 0x06;     // A1 = 0, A2 = 1, B1 = 1, B2 = 0
  13   2        Dtime(200);
  14   2        P1 = 0x0A;     // A1 = 1, A2 = 0, B1 = 1, B2 = 0
  15   2        Dtime(200);  
  16   2        P1 = 0x09;     // A1 = 1, A2 = 0, B1 = 0, B2 = 1      
  17   2        Dtime(200);
  18   2        P1 = 0x05;     // A1 = 0, A2 = 1, B1 = 0, B2 = 1
  19   2        Dtime(200);
  20   2        P1 = 0x06;     // A1 = 0, A2 = 1, B1 = 1, B2 = 0
  21   2        Dtime(200);
  22   2        P1 = 0x0A;     // A1 = 1, A2 = 0, B1 = 1, B2 = 0
  23   2        Dtime(200);
  24   2        // clock wise module
  25   2        P1 = 0x0A;
  26   2        Dtime(200);
  27   2        P1 = 0x06;
  28   2        Dtime(200);
  29   2        P1 = 0x05;
  30   2        Dtime(200);
  31   2        P1 = 0x09;
  32   2        Dtime(200);
  33   2        P1 = 0x0A;
  34   2        Dtime(200);
  35   2        P1 = 0x06;
  36   2        Dtime(200);
  37   2        P1 = 0x05;
  38   2        Dtime(200);
  39   2        P1 = 0x09;
  40   2        Dtime(200);
  41   2      }
  42   1      }
  43          void Dtime(unsigned int c)
  44          {
  45   1        unsigned int a,b ;
  46   1          for(a=0;a<c;a++)
  47   1            for(b=0;b<500;b++);
  48   1      }


MODULE INFORMATION:   STATIC OVERLAYABLE
   CODE SIZE        =    126    ----
   CONSTANT SIZE    =   ----    ----
   XDATA SIZE       =   ----    ----
C51 COMPILER V9.60.0.0   16_STEPPER_MOTOR                                                  05/03/2020 20:12:35 PAGE 2   

   PDATA SIZE       =   ----    ----
   DATA SIZE        =   ----    ----
   IDATA SIZE       =   ----    ----
   BIT SIZE         =   ----    ----
END OF MODULE INFORMATION.


C51 COMPILATION COMPLETE.  0 WARNING(S),  0 ERROR(S)
